Arguments: 
  /opt/homebrew/Cellar/node/15.7.0/bin/node /opt/homebrew/bin/yarn

PATH: 
  /opt/homebrew/bin:/opt/homebrew/sbin:/usr/local/bin:/usr/bin:/bin:/usr/sbin:/sbin:/Library/Apple/usr/bin

Yarn version: 
  1.22.10

Node version: 
  15.7.0

Platform: 
  darwin arm64

Trace: 
  SyntaxError: /Users/ed/Projects/pub-quiz/package.json: Unexpected token ] in JSON at position 692
      at JSON.parse (<anonymous>)
      at /opt/homebrew/lib/node_modules/yarn/lib/cli.js:1625:59
      at Generator.next (<anonymous>)
      at step (/opt/homebrew/lib/node_modules/yarn/lib/cli.js:310:30)
      at /opt/homebrew/lib/node_modules/yarn/lib/cli.js:321:13

npm manifest: 
  {
      "private": true,
      "workspaces": {
          "packages": ["backend", "mobile", "web-app", "shared"],
          "nohoist": [
              "**/react-native",
              "**/react-native/**",
              "**/react",
              "**/react/**",
              "**/jest",
              "**/jest/**",
              "**/babel-jest",
              "**/babel-jest/**",
              "**/@apollo/react-hooks",
              "**/@apollo/react-hooks/**",
              "**/@apollo/client",
              "**/@apollo/client/**",
              "**/aws-appsync-auth-link",
              "**/aws-appsync-auth-link/**",
              "**/aws-appsync-subscription-link",
              "**/aws-appsync-subscription-link/**",
          ]
      }
  }

yarn manifest: 
  No manifest

Lockfile: 
  No lockfile
